2011-01-18 23:49:34,203 [main] DEBUG es.upm.fi.dia.oeg.morph.R2RProcessor - Mapping file: mappings/example1.r2r
2011-01-18 23:49:34,711 [main] DEBUG es.upm.fi.dia.oeg.morph.r2rml.R2RModel - Query tripleMap: PREFIX rr: <http://www.w3.org/ns/r2rml#> 
SELECT ?tMap ?class ?table ?subCol ?inverse ?tableGraph ?rowGraph WHERE { 
?tMap a <http://www.w3.org/ns/r2rml#TriplesMap> ; 
rr:logicalTable ?table ; 
rr:subjectMap ?subMap . 
OPTIONAL { ?tMap rr:tableGraphIRI ?tableGraph . } 
OPTIONAL { ?tMap rr:rowGraph ?rowGraph . } 
OPTIONAL { ?tMap rr:class ?class . } 
?subMap rr:column ?subCol . 
OPTIONAL { ?subMap rr:inverseExpression ?inverse . } }
2011-01-18 23:49:34,779 [main] DEBUG com.hp.hpl.jena.sparql.mgt.ARQMgt - Register MBean: com.hp.hpl.jena.sparql.system:type=Context
2011-01-18 23:49:34,779 [main] DEBUG com.hp.hpl.jena.sparql.mgt.ARQMgt - Register MBean: com.hp.hpl.jena.sparql.system:type=Engine
2011-01-18 23:49:34,780 [main] DEBUG com.hp.hpl.jena.sparql.mgt.ARQMgt - Register MBean: com.hp.hpl.jena.sparql.system:type=SystemInfo
2011-01-18 23:49:34,782 [main] DEBUG com.hp.hpl.jena.sparql.mgt.ARQMgt - Register MBean: com.hp.hpl.jena.sparql.system:type=SystemInfo
2011-01-18 23:49:34,782 [main] DEBUG com.hp.hpl.jena.sparql.mgt.ARQMgt - Register MBean: org.openjena.riot.system:type=SystemInfo
2011-01-18 23:49:34,852 [main] DEBUG com.hp.hpl.jena.shared.LockMRSW - Lock : main
2011-01-18 23:49:34,863 [main] DEBUG com.hp.hpl.jena.util.FileManager - Add location: LocatorFile
2011-01-18 23:49:34,864 [main] DEBUG com.hp.hpl.jena.util.FileManager - Add location: ClassLoaderLocator
2011-01-18 23:49:34,864 [main] DEBUG com.hp.hpl.jena.util.LocationMapper - Failed to find configuration: file:location-mapping.rdf;file:location-mapping.n3;file:location-mapping.ttl;file:etc/location-mapping.rdf;file:etc/location-mapping.n3;file:etc/location-mapping.ttl
2011-01-18 23:49:34,865 [main] DEBUG com.hp.hpl.jena.util.FileManager - Add location: LocatorFile
2011-01-18 23:49:34,865 [main] DEBUG com.hp.hpl.jena.util.FileManager - Add location: LocatorURL
2011-01-18 23:49:34,866 [main] DEBUG com.hp.hpl.jena.util.FileManager - Add location: ClassLoaderLocator
2011-01-18 23:49:34,974 [main] DEBUG es.upm.fi.dia.oeg.morph.r2rml.R2RModel - Triples map found: http://es.upm.fi.dia.oeg/R2RMapping#TriplesMap1
2011-01-18 23:49:34,976 [main] DEBUG es.upm.fi.dia.oeg.morph.r2rml.R2RModel - Query propertyObjectMap: PREFIX rr: <http://www.w3.org/ns/r2rml#> 
SELECT ?property ?propertyColumn ?typeProperty ?column ?datatype ?constant ?columnGraph ?columnGraphIRI WHERE { 
<http://es.upm.fi.dia.oeg/R2RMapping#TriplesMap1> a <http://www.w3.org/ns/r2rml#TriplesMap> ; 
rr:propertyObjectMap ?pMap . 
OPTIONAL { ?pMap rr:property ?property . } 
OPTIONAL { ?pMap rr:propertyColumn ?propertyColumn . } 
OPTIONAL { ?pMap rr:RDFTypeProperty ?typeProperty . } 
OPTIONAL { ?pMap rr:columnGraph ?columnGraph . } 
OPTIONAL { ?pMap rr:columnGraphIRI ?columnGraphIRI . } 
OPTIONAL { ?pMap rr:column ?column . } 
OPTIONAL { ?pMap rr:datatype ?datatype . } 
OPTIONAL { ?pMap rr:constantValue ?constant . } 
}
2011-01-18 23:49:34,979 [main] DEBUG com.hp.hpl.jena.shared.LockMRSW - Lock : main
2011-01-18 23:49:34,981 [main] DEBUG es.upm.fi.dia.oeg.morph.r2rml.R2RModel - null-http://www.example.com/dept#COMPANY-null
2011-01-18 23:49:34,982 [main] DEBUG es.upm.fi.dia.oeg.morph.r2rml.R2RModel - loc-http://www.example.com/dept#location-null
2011-01-18 23:49:34,983 [main] DEBUG es.upm.fi.dia.oeg.morph.r2rml.R2RModel - dname-http://www.example.com/dept#name-null
2011-01-18 23:49:34,985 [main] DEBUG es.upm.fi.dia.oeg.morph.r2rml.R2RModel - deptno-http://www.example.com/dept#deptno-Datatype[http://www.w3.org/2001/XMLSchema#positiveInteger]
2011-01-18 23:49:34,988 [main] DEBUG es.upm.fi.dia.oeg.morph.R2RProcessor - Mapping file: mappings/example1.r2r
2011-01-18 23:49:35,037 [main] DEBUG es.upm.fi.dia.oeg.morph.r2rml.R2RModel - Query tripleMap: PREFIX rr: <http://www.w3.org/ns/r2rml#> 
SELECT ?tMap ?class ?table ?subCol ?inverse ?tableGraph ?rowGraph WHERE { 
?tMap a <http://www.w3.org/ns/r2rml#TriplesMap> ; 
rr:logicalTable ?table ; 
rr:subjectMap ?subMap . 
OPTIONAL { ?tMap rr:tableGraphIRI ?tableGraph . } 
OPTIONAL { ?tMap rr:rowGraph ?rowGraph . } 
OPTIONAL { ?tMap rr:class ?class . } 
?subMap rr:column ?subCol . 
OPTIONAL { ?subMap rr:inverseExpression ?inverse . } }
2011-01-18 23:49:35,039 [main] DEBUG com.hp.hpl.jena.shared.LockMRSW - Lock : main
2011-01-18 23:49:35,040 [main] DEBUG es.upm.fi.dia.oeg.morph.r2rml.R2RModel - Triples map found: http://es.upm.fi.dia.oeg/R2RMapping#TriplesMap1
2011-01-18 23:49:35,041 [main] DEBUG es.upm.fi.dia.oeg.morph.r2rml.R2RModel - Query propertyObjectMap: PREFIX rr: <http://www.w3.org/ns/r2rml#> 
SELECT ?property ?propertyColumn ?typeProperty ?column ?datatype ?constant ?columnGraph ?columnGraphIRI WHERE { 
<http://es.upm.fi.dia.oeg/R2RMapping#TriplesMap1> a <http://www.w3.org/ns/r2rml#TriplesMap> ; 
rr:propertyObjectMap ?pMap . 
OPTIONAL { ?pMap rr:property ?property . } 
OPTIONAL { ?pMap rr:propertyColumn ?propertyColumn . } 
OPTIONAL { ?pMap rr:RDFTypeProperty ?typeProperty . } 
OPTIONAL { ?pMap rr:columnGraph ?columnGraph . } 
OPTIONAL { ?pMap rr:columnGraphIRI ?columnGraphIRI . } 
OPTIONAL { ?pMap rr:column ?column . } 
OPTIONAL { ?pMap rr:datatype ?datatype . } 
OPTIONAL { ?pMap rr:constantValue ?constant . } 
}
2011-01-18 23:49:35,043 [main] DEBUG com.hp.hpl.jena.shared.LockMRSW - Lock : main
2011-01-18 23:49:35,045 [main] DEBUG es.upm.fi.dia.oeg.morph.r2rml.R2RModel - null-http://www.example.com/dept#COMPANY-null
2011-01-18 23:49:35,046 [main] DEBUG es.upm.fi.dia.oeg.morph.r2rml.R2RModel - loc-http://www.example.com/dept#location-null
2011-01-18 23:49:35,046 [main] DEBUG es.upm.fi.dia.oeg.morph.r2rml.R2RModel - dname-http://www.example.com/dept#name-null
2011-01-18 23:49:35,047 [main] DEBUG es.upm.fi.dia.oeg.morph.r2rml.R2RModel - deptno-http://www.example.com/dept#deptno-Datatype[http://www.w3.org/2001/XMLSchema#positiveInteger]
2011-01-18 23:49:35,049 [main] DEBUG com.hp.hpl.jena.shared.LockMRSW - Lock : main
2011-01-18 23:49:35,049 [main] DEBUG es.upm.fi.dia.oeg.morph.R2RProcessor - Query to execute: Select CONCAT('_:Department',deptno) AS deptId, deptno, dname, loc from dept
2011-01-18 23:49:35,162 [main] DEBUG es.upm.fi.dia.oeg.morph.TriplesMapInstance - Identifier for uri: _:Department10
2011-01-18 23:49:35,172 [main]  INFO es.upm.fi.dia.oeg.morph.R2RProcessor - Write default graph
2011-01-18 23:49:35,189 [main]  INFO es.upm.fi.dia.oeg.morph.R2RProcessor - Write graph: http://example.com/ns#DeptGraph
2011-01-18 23:49:35,195 [main] DEBUG es.upm.fi.dia.oeg.morph.R2RProcessor - Mapping file: mappings/example2.r2r
2011-01-18 23:49:35,199 [main] DEBUG es.upm.fi.dia.oeg.morph.r2rml.R2RModel - Query tripleMap: PREFIX rr: <http://www.w3.org/ns/r2rml#> 
SELECT ?tMap ?class ?table ?subCol ?inverse ?tableGraph ?rowGraph WHERE { 
?tMap a <http://www.w3.org/ns/r2rml#TriplesMap> ; 
rr:logicalTable ?table ; 
rr:subjectMap ?subMap . 
OPTIONAL { ?tMap rr:tableGraphIRI ?tableGraph . } 
OPTIONAL { ?tMap rr:rowGraph ?rowGraph . } 
OPTIONAL { ?tMap rr:class ?class . } 
?subMap rr:column ?subCol . 
OPTIONAL { ?subMap rr:inverseExpression ?inverse . } }
2011-01-18 23:49:35,200 [main] DEBUG com.hp.hpl.jena.shared.LockMRSW - Lock : main
2011-01-18 23:49:35,202 [main] DEBUG es.upm.fi.dia.oeg.morph.r2rml.R2RModel - Triples map found: http://es.upm.fi.dia.oeg/R2RMapping#TriplesMap3
2011-01-18 23:49:35,203 [main] DEBUG es.upm.fi.dia.oeg.morph.r2rml.R2RModel - Query propertyObjectMap: PREFIX rr: <http://www.w3.org/ns/r2rml#> 
SELECT ?property ?propertyColumn ?typeProperty ?column ?datatype ?constant ?columnGraph ?columnGraphIRI WHERE { 
<http://es.upm.fi.dia.oeg/R2RMapping#TriplesMap3> a <http://www.w3.org/ns/r2rml#TriplesMap> ; 
rr:propertyObjectMap ?pMap . 
OPTIONAL { ?pMap rr:property ?property . } 
OPTIONAL { ?pMap rr:propertyColumn ?propertyColumn . } 
OPTIONAL { ?pMap rr:RDFTypeProperty ?typeProperty . } 
OPTIONAL { ?pMap rr:columnGraph ?columnGraph . } 
OPTIONAL { ?pMap rr:columnGraphIRI ?columnGraphIRI . } 
OPTIONAL { ?pMap rr:column ?column . } 
OPTIONAL { ?pMap rr:datatype ?datatype . } 
OPTIONAL { ?pMap rr:constantValue ?constant . } 
}
2011-01-18 23:49:35,204 [main] DEBUG com.hp.hpl.jena.shared.LockMRSW - Lock : main
2011-01-18 23:49:35,206 [main] DEBUG es.upm.fi.dia.oeg.morph.r2rml.R2RModel - likedObj-null-null
2011-01-18 23:49:35,207 [main] DEBUG com.hp.hpl.jena.shared.LockMRSW - Lock : main
2011-01-18 23:49:35,207 [main] DEBUG es.upm.fi.dia.oeg.morph.R2RProcessor - Query to execute: Select CONCAT('<xyz.com/emp/',id,'>') AS empId , CONCAT('<xyz.com/emp/likes/',likeType,'>') AS empLikes  , likedObj  from likes 
2011-01-18 23:49:35,207 [main] DEBUG es.upm.fi.dia.oeg.morph.TriplesMapInstance - Identifier for uri: <xyz.com/emp/7369>
2011-01-18 23:49:35,208 [main] DEBUG es.upm.fi.dia.oeg.morph.TriplesMapInstance - Identifier for uri: <xyz.com/emp/7369>
2011-01-18 23:49:35,208 [main]  INFO es.upm.fi.dia.oeg.morph.R2RProcessor - Write default graph
2011-01-18 23:49:35,208 [main]  INFO es.upm.fi.dia.oeg.morph.R2RProcessor - Write graph: http://example.com/ns#LikesGraph
2011-01-18 23:49:35,210 [main] DEBUG es.upm.fi.dia.oeg.morph.R2RProcessor - Mapping file: mappings/example3.r2r
2011-01-18 23:49:35,217 [main] DEBUG es.upm.fi.dia.oeg.morph.r2rml.R2RModel - Query tripleMap: PREFIX rr: <http://www.w3.org/ns/r2rml#> 
SELECT ?tMap ?class ?table ?subCol ?inverse ?tableGraph ?rowGraph WHERE { 
?tMap a <http://www.w3.org/ns/r2rml#TriplesMap> ; 
rr:logicalTable ?table ; 
rr:subjectMap ?subMap . 
OPTIONAL { ?tMap rr:tableGraphIRI ?tableGraph . } 
OPTIONAL { ?tMap rr:rowGraph ?rowGraph . } 
OPTIONAL { ?tMap rr:class ?class . } 
?subMap rr:column ?subCol . 
OPTIONAL { ?subMap rr:inverseExpression ?inverse . } }
2011-01-18 23:49:35,219 [main] DEBUG com.hp.hpl.jena.shared.LockMRSW - Lock : main
2011-01-18 23:49:35,221 [main] DEBUG es.upm.fi.dia.oeg.morph.r2rml.R2RModel - Triples map found: http://es.upm.fi.dia.oeg/R2RMapping#TriplesMap2
2011-01-18 23:49:35,222 [main] DEBUG es.upm.fi.dia.oeg.morph.r2rml.R2RModel - Query propertyObjectMap: PREFIX rr: <http://www.w3.org/ns/r2rml#> 
SELECT ?property ?propertyColumn ?typeProperty ?column ?datatype ?constant ?columnGraph ?columnGraphIRI WHERE { 
<http://es.upm.fi.dia.oeg/R2RMapping#TriplesMap2> a <http://www.w3.org/ns/r2rml#TriplesMap> ; 
rr:propertyObjectMap ?pMap . 
OPTIONAL { ?pMap rr:property ?property . } 
OPTIONAL { ?pMap rr:propertyColumn ?propertyColumn . } 
OPTIONAL { ?pMap rr:RDFTypeProperty ?typeProperty . } 
OPTIONAL { ?pMap rr:columnGraph ?columnGraph . } 
OPTIONAL { ?pMap rr:columnGraphIRI ?columnGraphIRI . } 
OPTIONAL { ?pMap rr:column ?column . } 
OPTIONAL { ?pMap rr:datatype ?datatype . } 
OPTIONAL { ?pMap rr:constantValue ?constant . } 
}
2011-01-18 23:49:35,224 [main] DEBUG com.hp.hpl.jena.shared.LockMRSW - Lock : main
2011-01-18 23:49:35,227 [main] DEBUG es.upm.fi.dia.oeg.morph.r2rml.R2RModel - deptno-http://www.example.com/emp#deptNum-null
2011-01-18 23:49:35,228 [main] DEBUG es.upm.fi.dia.oeg.morph.r2rml.R2RModel - job-http://www.example.com/emp#job-null
2011-01-18 23:49:35,229 [main] DEBUG es.upm.fi.dia.oeg.morph.r2rml.R2RModel - empno-http://www.example.com/emp#empno-null
2011-01-18 23:49:35,229 [main] DEBUG es.upm.fi.dia.oeg.morph.r2rml.R2RModel - jobTypeURI-null-null
2011-01-18 23:49:35,230 [main] DEBUG es.upm.fi.dia.oeg.morph.r2rml.R2RModel - etype-http://www.example.com/emp#etype-null
2011-01-18 23:49:35,231 [main] DEBUG es.upm.fi.dia.oeg.morph.r2rml.R2RModel - ename-http://www.example.com/emp#name-null
2011-01-18 23:49:35,232 [main] DEBUG es.upm.fi.dia.oeg.morph.r2rml.R2RModel - empTypeURI-null-null
2011-01-18 23:49:35,232 [main] DEBUG com.hp.hpl.jena.shared.LockMRSW - Lock : main
2011-01-18 23:49:35,232 [main] DEBUG es.upm.fi.dia.oeg.morph.R2RProcessor - Query to execute: 
       Select CONCAT('<xyz.com/emp/', empno,'>') AS empURI
            , empno
            , ename
            , CONCAT('<xyz.com/emp/job/', job,'>') AS jobTypeURI
            , job
            , deptno
            , CONCAT('<xyz.com/emp/etype/', etype,'>') AS empTypeURI
            , etype
            , CONCAT('<xyz.com/graph/', job , '/' , etype,'>') AS graphURI
       from emp
       
2011-01-18 23:49:35,233 [main] DEBUG es.upm.fi.dia.oeg.morph.TriplesMapInstance - Identifier for uri: <xyz.com/emp/7369>
2011-01-18 23:49:35,234 [main]  INFO es.upm.fi.dia.oeg.morph.R2RProcessor - Write default graph
2011-01-18 23:49:35,234 [main]  INFO es.upm.fi.dia.oeg.morph.R2RProcessor - Write graph: http://www.example.com/emp#empNameGraph
2011-01-18 23:49:35,235 [main]  INFO es.upm.fi.dia.oeg.morph.R2RProcessor - Write graph: <xyz.com/graph/CLERK/PARTTIME>
2011-01-18 23:49:35,237 [main] DEBUG es.upm.fi.dia.oeg.morph.R2RProcessor - Mapping file: mappings/example4.r2r
2011-01-18 23:49:35,246 [main] DEBUG es.upm.fi.dia.oeg.morph.r2rml.R2RModel - Query tripleMap: PREFIX rr: <http://www.w3.org/ns/r2rml#> 
SELECT ?tMap ?class ?table ?subCol ?inverse ?tableGraph ?rowGraph WHERE { 
?tMap a <http://www.w3.org/ns/r2rml#TriplesMap> ; 
rr:logicalTable ?table ; 
rr:subjectMap ?subMap . 
OPTIONAL { ?tMap rr:tableGraphIRI ?tableGraph . } 
OPTIONAL { ?tMap rr:rowGraph ?rowGraph . } 
OPTIONAL { ?tMap rr:class ?class . } 
?subMap rr:column ?subCol . 
OPTIONAL { ?subMap rr:inverseExpression ?inverse . } }
2011-01-18 23:49:35,247 [main] DEBUG com.hp.hpl.jena.shared.LockMRSW - Lock : main
2011-01-18 23:49:35,249 [main] DEBUG es.upm.fi.dia.oeg.morph.r2rml.R2RModel - Triples map found: http://es.upm.fi.dia.oeg/R2RMapping#TriplesMap3
2011-01-18 23:49:35,249 [main] DEBUG es.upm.fi.dia.oeg.morph.r2rml.R2RModel - Query propertyObjectMap: PREFIX rr: <http://www.w3.org/ns/r2rml#> 
SELECT ?property ?propertyColumn ?typeProperty ?column ?datatype ?constant ?columnGraph ?columnGraphIRI WHERE { 
<http://es.upm.fi.dia.oeg/R2RMapping#TriplesMap3> a <http://www.w3.org/ns/r2rml#TriplesMap> ; 
rr:propertyObjectMap ?pMap . 
OPTIONAL { ?pMap rr:property ?property . } 
OPTIONAL { ?pMap rr:propertyColumn ?propertyColumn . } 
OPTIONAL { ?pMap rr:RDFTypeProperty ?typeProperty . } 
OPTIONAL { ?pMap rr:columnGraph ?columnGraph . } 
OPTIONAL { ?pMap rr:columnGraphIRI ?columnGraphIRI . } 
OPTIONAL { ?pMap rr:column ?column . } 
OPTIONAL { ?pMap rr:datatype ?datatype . } 
OPTIONAL { ?pMap rr:constantValue ?constant . } 
}
2011-01-18 23:49:35,251 [main] DEBUG com.hp.hpl.jena.shared.LockMRSW - Lock : main
2011-01-18 23:49:35,253 [main] DEBUG es.upm.fi.dia.oeg.morph.r2rml.R2RModel - likedObj-null-null
2011-01-18 23:49:35,254 [main] DEBUG es.upm.fi.dia.oeg.morph.r2rml.R2RModel - Triples map found: http://es.upm.fi.dia.oeg/R2RMapping#TriplesMap2
2011-01-18 23:49:35,254 [main] DEBUG es.upm.fi.dia.oeg.morph.r2rml.R2RModel - Query propertyObjectMap: PREFIX rr: <http://www.w3.org/ns/r2rml#> 
SELECT ?property ?propertyColumn ?typeProperty ?column ?datatype ?constant ?columnGraph ?columnGraphIRI WHERE { 
<http://es.upm.fi.dia.oeg/R2RMapping#TriplesMap2> a <http://www.w3.org/ns/r2rml#TriplesMap> ; 
rr:propertyObjectMap ?pMap . 
OPTIONAL { ?pMap rr:property ?property . } 
OPTIONAL { ?pMap rr:propertyColumn ?propertyColumn . } 
OPTIONAL { ?pMap rr:RDFTypeProperty ?typeProperty . } 
OPTIONAL { ?pMap rr:columnGraph ?columnGraph . } 
OPTIONAL { ?pMap rr:columnGraphIRI ?columnGraphIRI . } 
OPTIONAL { ?pMap rr:column ?column . } 
OPTIONAL { ?pMap rr:datatype ?datatype . } 
OPTIONAL { ?pMap rr:constantValue ?constant . } 
}
2011-01-18 23:49:35,256 [main] DEBUG com.hp.hpl.jena.shared.LockMRSW - Lock : main
2011-01-18 23:49:35,258 [main] DEBUG es.upm.fi.dia.oeg.morph.r2rml.R2RModel - empno-http://www.example.com/emp#empno-null
2011-01-18 23:49:35,258 [main] DEBUG es.upm.fi.dia.oeg.morph.r2rml.R2RModel - empTypeURI-null-null
2011-01-18 23:49:35,259 [main] DEBUG es.upm.fi.dia.oeg.morph.r2rml.R2RModel - deptno-http://www.example.com/emp#deptNum-null
2011-01-18 23:49:35,260 [main] DEBUG es.upm.fi.dia.oeg.morph.r2rml.R2RModel - job-http://www.example.com/emp#job-null
2011-01-18 23:49:35,261 [main] DEBUG es.upm.fi.dia.oeg.morph.r2rml.R2RModel - ename-http://www.example.com/emp#name-null
2011-01-18 23:49:35,261 [main] DEBUG es.upm.fi.dia.oeg.morph.r2rml.R2RModel - etype-http://www.example.com/emp#etype-null
2011-01-18 23:49:35,262 [main] DEBUG es.upm.fi.dia.oeg.morph.r2rml.R2RModel - jobTypeURI-null-null
2011-01-18 23:49:35,263 [main] DEBUG es.upm.fi.dia.oeg.morph.r2rml.R2RModel - Triples map found: http://es.upm.fi.dia.oeg/R2RMapping#TriplesMap1
2011-01-18 23:49:35,264 [main] DEBUG es.upm.fi.dia.oeg.morph.r2rml.R2RModel - Query propertyObjectMap: PREFIX rr: <http://www.w3.org/ns/r2rml#> 
SELECT ?property ?propertyColumn ?typeProperty ?column ?datatype ?constant ?columnGraph ?columnGraphIRI WHERE { 
<http://es.upm.fi.dia.oeg/R2RMapping#TriplesMap1> a <http://www.w3.org/ns/r2rml#TriplesMap> ; 
rr:propertyObjectMap ?pMap . 
OPTIONAL { ?pMap rr:property ?property . } 
OPTIONAL { ?pMap rr:propertyColumn ?propertyColumn . } 
OPTIONAL { ?pMap rr:RDFTypeProperty ?typeProperty . } 
OPTIONAL { ?pMap rr:columnGraph ?columnGraph . } 
OPTIONAL { ?pMap rr:columnGraphIRI ?columnGraphIRI . } 
OPTIONAL { ?pMap rr:column ?column . } 
OPTIONAL { ?pMap rr:datatype ?datatype . } 
OPTIONAL { ?pMap rr:constantValue ?constant . } 
}
2011-01-18 23:49:35,265 [main] DEBUG com.hp.hpl.jena.shared.LockMRSW - Lock : main
2011-01-18 23:49:35,268 [main] DEBUG es.upm.fi.dia.oeg.morph.r2rml.R2RModel - null-http://www.example.com/dept#COMPANY-null
2011-01-18 23:49:35,268 [main] DEBUG es.upm.fi.dia.oeg.morph.r2rml.R2RModel - loc-http://www.example.com/dept#location-null
2011-01-18 23:49:35,269 [main] DEBUG es.upm.fi.dia.oeg.morph.r2rml.R2RModel - dname-http://www.example.com/dept#name-null
2011-01-18 23:49:35,270 [main] DEBUG es.upm.fi.dia.oeg.morph.r2rml.R2RModel - deptno-http://www.example.com/dept#deptno-Datatype[http://www.w3.org/2001/XMLSchema#positiveInteger]
2011-01-18 23:49:35,270 [main] DEBUG com.hp.hpl.jena.shared.LockMRSW - Lock : main
2011-01-18 23:49:35,270 [main] DEBUG es.upm.fi.dia.oeg.morph.R2RProcessor - Query to execute: 
    	Select CONCAT('<xyz.com/emp/',id,'>') AS empId , 
    		CONCAT('<xyz.com/emp/likes/',likeType,'>') AS empLikes  , 
    		likedObj  
    	from likes 
    	
2011-01-18 23:49:35,271 [main] DEBUG es.upm.fi.dia.oeg.morph.TriplesMapInstance - Identifier for uri: <xyz.com/emp/7369>
2011-01-18 23:49:35,271 [main] DEBUG es.upm.fi.dia.oeg.morph.TriplesMapInstance - Identifier for uri: <xyz.com/emp/7369>
2011-01-18 23:49:35,271 [main] DEBUG es.upm.fi.dia.oeg.morph.R2RProcessor - Query to execute: 
       Select CONCAT('<xyz.com/emp/', empno,'>') AS empURI
            , empno
            , ename
            , CONCAT('<xyz.com/emp/job/', job,'>') AS jobTypeURI
            , job
            , deptno
            , CONCAT('<xyz.com/emp/etype/', etype,'>') AS empTypeURI
            , etype
            , CONCAT('<xyz.com/graph/', job , '/' , etype,'>') AS graphURI
       from emp
       
2011-01-18 23:49:35,272 [main] DEBUG es.upm.fi.dia.oeg.morph.TriplesMapInstance - Identifier for uri: <xyz.com/emp/7369>
2011-01-18 23:49:35,273 [main] DEBUG es.upm.fi.dia.oeg.morph.R2RProcessor - Query to execute: 
    	Select CONCAT('_:Department',deptno) AS deptId, 
    		deptno, 
    		dname, 
    		loc 
    	from dept
    	
2011-01-18 23:49:35,273 [main] DEBUG es.upm.fi.dia.oeg.morph.TriplesMapInstance - Identifier for uri: _:Department10
2011-01-18 23:49:35,274 [main]  INFO es.upm.fi.dia.oeg.morph.R2RProcessor - Write default graph
2011-01-18 23:49:35,274 [main]  INFO es.upm.fi.dia.oeg.morph.R2RProcessor - Write graph: http://example.com/ns#DeptGraph
2011-01-18 23:49:35,275 [main]  INFO es.upm.fi.dia.oeg.morph.R2RProcessor - Write graph: http://www.example.com/emp#empNameGraph
2011-01-18 23:49:35,276 [main]  INFO es.upm.fi.dia.oeg.morph.R2RProcessor - Write graph: <xyz.com/graph/CLERK/PARTTIME>
2011-01-18 23:49:35,277 [main]  INFO es.upm.fi.dia.oeg.morph.R2RProcessor - Write graph: http://example.com/ns#LikesGraph
